  Tree.cpp
C:\Users\Иван\OneDrive\Рабочий стол\(30)Деревья\Tree.cpp(48,39): warning C4305: инициализация: усечение из "double" в "float"
C:\Users\Иван\OneDrive\Рабочий стол\(30)Деревья\Tree.cpp(61,12): warning C4244: return: преобразование "double" в "int", возможна потеря данных
C:\Users\Иван\OneDrive\Рабочий стол\(30)Деревья\Tree.cpp(117,1): warning C4305: =: усечение из "double" в "float"
C:\Users\Иван\OneDrive\Рабочий стол\(30)Деревья\Tree.cpp(127,46): warning C4244: =: преобразование "double" в "float", возможна потеря данных
C:\Users\Иван\OneDrive\Рабочий стол\(30)Деревья\Tree.cpp(128,46): warning C4244: =: преобразование "double" в "float", возможна потеря данных
C:\Users\Иван\OneDrive\Рабочий стол\(30)Деревья\Tree.cpp(137,69): warning C4244: аргумент: преобразование "int" в "float", возможна потеря данных
C:\Users\Иван\OneDrive\Рабочий стол\(30)Деревья\Tree.cpp(137,54): warning C4244: аргумент: преобразование "int" в "float", возможна потеря данных
C:\Users\Иван\OneDrive\Рабочий стол\(30)Деревья\Tree.cpp(147,27): warning C4244: аргумент: преобразование "int" в "GLfloat", возможна потеря данных
C:\Users\Иван\OneDrive\Рабочий стол\(30)Деревья\Tree.cpp(147,14): warning C4244: аргумент: преобразование "int" в "GLfloat", возможна потеря данных
C:\Users\Иван\OneDrive\Рабочий стол\(30)Деревья\Tree.cpp(148,29): warning C4244: аргумент: преобразование "int" в "GLfloat", возможна потеря данных
C:\Users\Иван\OneDrive\Рабочий стол\(30)Деревья\Tree.cpp(148,14): warning C4244: аргумент: преобразование "int" в "GLfloat", возможна потеря данных
C:\Users\Иван\OneDrive\Рабочий стол\(30)Деревья\Tree.cpp(242,26): warning C4101: new_node: неиспользованная локальная переменная
C:\Users\Иван\OneDrive\Рабочий стол\(30)Деревья\Tree.cpp(376,7): warning C4101: par_x: неиспользованная локальная переменная
C:\Users\Иван\OneDrive\Рабочий стол\(30)Деревья\Tree.cpp(376,14): warning C4101: par_y: неиспользованная локальная переменная
C:\Users\Иван\OneDrive\Рабочий стол\(30)Деревья\Tree.cpp(377,33): warning C4101: new_node: неиспользованная локальная переменная
C:\Users\Иван\OneDrive\Рабочий стол\(30)Деревья\Tree.cpp(490,71): warning C4244: аргумент: преобразование "double" в "float", возможна потеря данных
C:\Users\Иван\OneDrive\Рабочий стол\(30)Деревья\Tree.cpp(490,47): warning C4244: аргумент: преобразование "double" в "float", возможна потеря данных
C:\Users\Иван\OneDrive\Рабочий стол\(30)Деревья\Tree.cpp(567,25): warning C4244: аргумент: преобразование "int" в "float", возможна потеря данных
C:\Users\Иван\OneDrive\Рабочий стол\(30)Деревья\Tree.cpp(578,25): warning C4244: аргумент: преобразование "int" в "float", возможна потеря данных
C:\Users\Иван\OneDrive\Рабочий стол\(30)Деревья\Tree.cpp(444): warning C4715: binary_search_tree::remove: значение возвращается не при всех путях выполнения
  (30)Деревья.vcxproj -> C:\Users\Иван\OneDrive\Рабочий стол\(30)Деревья\Debug\(30)Деревья.exe
